<?xml version="1.0" encoding="UTF-8"?>
<testng-results ignored="0" total="1" passed="1" failed="0" skipped="0">
  <reporter-output>
  </reporter-output>
  <suite started-at="2026-01-25T16:00:06 IST" name="Default suite" finished-at="2026-01-25T16:00:43 IST" duration-ms="36583">
    <groups>
    </groups>
    <test started-at="2026-01-25T16:00:06 IST" name="Default test" finished-at="2026-01-25T16:00:43 IST" duration-ms="36583">
      <class name="tests.LoginTest">
        <test-method is-config="true" signature="setUp()[pri:0, instance:tests.LoginTest@37ceb1df]" started-at="2026-01-25T16:00:06 IST" name="setUp" finished-at="2026-01-25T16:00:33 IST" duration-ms="26745" status="PASS">
          <reporter-output>
          </reporter-output>
        </test-method> <!-- setUp -->
        <test-method signature="verifyloginflow()[pri:0, instance:tests.LoginTest@37ceb1df]" started-at="2026-01-25T16:00:33 IST" name="verifyloginflow" finished-at="2026-01-25T16:00:42 IST" duration-ms="9374" status="PASS">
          <reporter-output>
          </reporter-output>
        </test-method> <!-- verifyloginflow -->
        <test-method is-config="true" signature="tearDown()[pri:0, instance:tests.LoginTest@37ceb1df]" started-at="2026-01-25T16:00:42 IST" name="tearDown" finished-at="2026-01-25T16:00:43 IST" duration-ms="387" status="PASS">
          <reporter-output>
          </reporter-output>
        </test-method> <!-- tearDown -->
      </class> <!-- tests.LoginTest -->
    </test> <!-- Default test -->
  </suite> <!-- Default suite -->
</testng-results>
